{
 "python": "3.13.14",
 "platform": "Linux-6.18.33.2-microsoft-standard-WSL2-x86_64-with-glibc2.36",
 "machine": "x86_64",
 "packages": {
  "numpy": "2.2.6",
  "scipy": "1.18.0",
  "quadprog": "0.1.13",
  "duckdb": "1.1.3",
  "piqp": "0.6.3",
  "mpmath": "1.3.0",
  "clarabel": "0.11.1",
  "highspy": "1.15.1"
 },
 "cmdline": [
  "/diag/mr002_corpus_audit_driver.py",
  "/wt",
  "/data/mr002_research.duckdb",
  "/out"
 ],
 "frozen_worktree_commit": "3a37545e2dcf201542a5fca6fca29bade828f9c0",
 "frozen_file_sha256": {
  "apps/backend/scripts/mr002_solver_intersection.py": "ee1aacf37c1a81ecfe566b5262b9db67b9e86a04715f97ed12e76073b4767437",
  "apps/backend/scripts/mr002_coverage_signed_gap.py": "66118bc787bb8590700bcdc08e33521c402c76baec2a59948bd7230fdde5cc3b",
  "apps/backend/scripts/mr002_piqp.py": "06f730895fdf160ba0d15a57d49effee7ffdd2f32f19bb4fb94f40ae15cabfc8",
  "apps/backend/scripts/mr002_characterize_native_qp.py": "bba6fbb4901f21361d2c1c1b84c624d0299921536883cfad93244182c9cc6244",
  "apps/backend/scripts/mr002_development_run.py": "57d0fcac37e466496e62463b4174a430801f1a74100efdb22bd3f0256c367ee9",
  "apps/backend/app/research/mr002/joint_portfolio.py": "4efd57393e2d99e0733f70ceba5e24d9629fb3d4aa8a18837efc36eb157bac43",
  "apps/backend/app/research/mr002/dataset.py": "a8a11c0c2b5e9ddefb87eb0ebcc9e659eff5104115d5493685707597e157c957",
  "apps/backend/app/research/mr002/runner.py": "87dd6e71a60ba89297ed4653eb1abf94052f34f927e8865b8ea41515e290b34f"
 },
 "dataset_sha256": "24e5153cc0ebed77c7b422562e5a8ebfa147aad3019b27035b5314aaaacfad5a",
 "blas": {
  "name": "scipy-openblas",
  "found": true,
  "version": "0.3.29",
  "detection method": "pkgconfig",
  "include directory": "/opt/_internal/cpython-3.13.0/lib/python3.13/site-packages/scipy_openblas64/include",
  "lib directory": "/opt/_internal/cpython-3.13.0/lib/python3.13/site-packages/scipy_openblas64/lib",
  "openblas configuration": "OpenBLAS 0.3.29  USE64BITINT DYNAMIC_ARCH NO_AFFINITY Haswell MAX_THREADS=64",
  "pc file directory": "/project/.openblas"
 }
}
PHASE A1 — reconstruction with the frozen capture device
  config A ...
  config B ...
  config C ...
  instances 3895  corpus_hash 1d2319301a7b52dfe369819bc8029f7b6d64ad820d828f041eba15a91348390b
PHASE A1 GATE: PASS — corpus reproduced EXACTLY
PHASE A2 — statistics complete
{
 "instances": 3895,
 "instances_all_coords_upper_eq_t (MASKED_BY_IDENTITY)": 3895,
 "instances_any_coord_upper_ne_t (MISMATCH_PRESENT)": 0,
 "instances_any_coord_upper_lt_t": 0,
 "instances_any_coord_upper_gt_t": 0,
 "instances_zero_transformed_bound_discrepancy": 156,
 "upper_over_t_quantiles_finite_positive": {
  "0.0": 1.0,
  "0.01": 1.0,
  "0.25": 1.0,
  "0.5": 1.0,
  "0.75": 1.0,
  "0.99": 1.0,
  "1.0": 1.0
 },
 "upper_over_t_min": 1.0,
 "upper_over_t_max": 1.0
}
wrote /out/MR002_CorpusStructuralAudit_v1.0.json sha256 519375fb1aeca8eb92515585cb02d83f525971959f243d01ecada19166a85dc6
